[[1.0, -1.0, -1.0, 0.5379015207290649, 1.0, 0.7176526784896851, 1.0, 0.7873190641403198, 0.8405213952064514, 1.0, 1.0, -0.04810430854558945]]
[[1.0, -1.0, -1.0, 0.9308644533157349, 1.0, -0.3393319845199585, -1.0, 1.0, 0.11437071114778519, 0.46194860339164734, 0.5731412768363953, -0.20875951647758484]]
[[1.0, -0.4353278875350952, -1.0, 0.37419044971466064, 1.0, -0.11447976529598236, 0.13754591345787048, 1.0, 0.7620695233345032, 0.5002233386039734, -0.12459956109523773, -0.2515207827091217]]
[[1.0, -0.23328493535518646, -1.0, -0.5597563982009888, 1.0, -0.34550148248672485, -0.572909414768219, 1.0, 0.9373279213905334, 1.0, 0.41847309470176697, 0.01862243562936783]]
[[0.8096212148666382, -0.09821495413780212, -0.8771314024925232, 0.24128834903240204, 1.0, -0.19314201176166534, 0.07565516233444214, 1.0, 0.11762204766273499, 1.0, 0.010209750384092331, 0.4383290708065033]]
[[-0.28382253646850586, -0.36925768852233887, -0.9978713393211365, -0.6307584643363953, 1.0, -0.3612968325614929, -0.031506165862083435, 1.0, 0.268353670835495, 1.0, -0.024905938655138016, 0.19342663884162903]]
[[-0.5409660339355469, 0.2733568251132965, -0.8800440430641174, -0.5778313875198364, 1.0, -0.35494959354400635, 0.20973701775074005, 1.0, -0.2820432186126709, 1.0, 0.24978841841220856, 0.2516472041606903]]
[[-1.0, 1.0, -0.07082433998584747, -1.0, 0.951404333114624, 0.005966246128082275, -0.2529721260070801, 1.0, -0.6387915015220642, 0.8599129915237427, 0.5215599536895752, 0.21967896819114685]]
[[-1.0, 1.0, 0.8668534159660339, -1.0, 0.1290016919374466, 0.6659621596336365, -0.5102413296699524, 0.8140910863876343, -0.8156964182853699, 1.0, 1.0, -0.40161314606666565]]
[[-0.881522536277771, 1.0, 1.0, -1.0, -0.7501912117004395, 0.8003240823745728, 0.3986417055130005, 0.4673725366592407, -0.7766340374946594, 0.5512653589248657, 1.0, -0.28946971893310547]]
[[-0.3909580707550049, 1.0, 0.9263883233070374, -0.4729180634021759, -1.0, 0.11130645871162415, 1.0, -1.0, 0.09813354909420013, 0.6638818979263306, 0.41192129254341125, 0.3401321470737457]]
[[-0.9370646476745605, 1.0, 1.0, 0.4732244610786438, -1.0, 0.4399869441986084, 1.0, -1.0, 0.4638810157775879, 0.48049312829971313, 0.5941500663757324, 0.6031782031059265]]
[[-0.33415207266807556, 0.9338501691818237, 0.9023909568786621, -0.003974189981818199, -0.8701229095458984, 0.856210470199585, 1.0, -1.0, 0.764070451259613, 0.3535732328891754, 1.0, 0.32563960552215576]]
[[-0.17627876996994019, -0.3392956852912903, -0.11338163912296295, -0.2676540017127991, -0.7642674446105957, 1.0, 1.0, -0.6789158582687378, 0.461372971534729, 0.2245355248451233, 1.0, 0.2008693516254425]]
[[-0.10470128059387207, -0.8018841743469238, 0.032462943345308304, -0.1104845181107521, -0.5745919346809387, 1.0, 1.0, -0.9054934978485107, 0.07506995648145676, 0.15431946516036987, 0.512424886226654, 0.25369372963905334]]
[[0.3502413332462311, -0.5200774669647217, 0.20089921355247498, -0.1952342838048935, -0.7328554391860962, 1.0, 1.0, -0.9093950986862183, -0.021675584837794304, -0.0035764500498771667, 0.13240274786949158, 0.35586807131767273]]
[[0.44477590918540955, -0.13324686884880066, 0.5132344365119934, -0.3300836384296417, -0.7874734401702881, 1.0, 1.0, -0.8238834142684937, 0.030226660892367363, -0.4230178892612457, -0.08068634569644928, 0.22783905267715454]]
[[0.920331597328186, -1.0, -0.45002973079681396, 0.7689486742019653, -0.21687234938144684, 1.0, 1.0, -0.512069821357727, -0.08839142322540283, -0.09734318405389786, 0.2246481478214264, 0.3271356225013733]]
[[1.0, -0.6046466827392578, -0.6776689887046814, 0.06726475805044174, -0.535913348197937, 0.3495413064956665, 0.4010923504829407, -0.8920058012008667, -0.041726917028427124, 0.53328937292099, -0.7707412242889404, 0.8387590646743774]]
[[0.3550320267677307, -0.811144232749939, 0.8186622858047485, -0.42979493737220764, -0.48893868923187256, 0.23789407312870026, 0.8748196959495544, -0.42771676182746887, 0.41934993863105774, 0.18537425994873047, -0.5300567746162415, 0.363152414560318]]
[[0.9855449199676514, -1.0, 0.1332729011774063, 1.0, 0.14830513298511505, -0.1858782023191452, 0.2611114978790283, -0.6508853435516357, 0.1673019975423813, 0.56467205286026, 0.04758542403578758, 0.43507710099220276]]
[[1.0, -1.0, -0.8659871220588684, 1.0, 0.6343094110488892, -0.8590748310089111, -1.0, 0.5404036045074463, 1.0, 0.5815122723579407, 0.11067242920398712, -0.30938565731048584]]
[[0.24945929646492004, 0.8288061022758484, -0.9561715722084045, 0.7396083474159241, 1.0, -0.7462307810783386, -0.6548832058906555, 1.0, 0.9690546989440918, 0.8760570287704468, -0.2679555118083954, 0.43600746989250183]]
[[0.3346911668777466, -1.0, -1.0, 0.4868048429489136, 1.0, -0.4891681671142578, -1.0, 1.0, 0.7048771977424622, 0.6909729242324829, 0.16337783634662628, 0.42344823479652405]]
[[0.03409288823604584, -0.8241850137710571, -1.0, 0.10974743217229843, 1.0, -0.2420482486486435, -0.41030561923980713, 1.0, 0.19514504075050354, 1.0, 0.03991590067744255, 0.479280024766922]]
[[-0.6552976369857788, -0.09899842739105225, -1.0, -0.025713806971907616, 1.0, -0.7866763472557068, -0.39923393726348877, 1.0, -0.20193436741828918, 1.0, 0.09160877764225006, 0.2097029685974121]]
[[-0.6011492013931274, -0.1348925232887268, -0.8771117925643921, -0.312965452671051, 1.0, -0.3732776641845703, -0.23037303984165192, 1.0, -0.017925290390849113, 0.5845072865486145, 0.26847606897354126, 0.0314825102686882]]
[[-0.42832598090171814, 0.7171722650527954, -0.437147855758667, -0.8104820847511292, 1.0, -0.5158332586288452, -0.3812907338142395, 1.0, -0.09699121117591858, 0.7350380420684814, 0.47183266282081604, 0.2146013081073761]]
[[-0.9768610000610352, 0.7677066922187805, 0.11602526903152466, -0.9256678223609924, 0.9227526187896729, -0.10741029679775238, -0.3601328730583191, 1.0, -0.3922455310821533, 0.7586096525192261, 0.368282675743103, 0.20510560274124146]]
[[-1.0, 0.9531065225601196, 1.0, -1.0, -0.009163126349449158, 0.22598634660243988, -0.45902347564697266, 0.7679651975631714, -0.6142722368240356, 0.8358457088470459, 0.4840625524520874, -0.06228639930486679]]
[[-0.6730921268463135, 0.731279730796814, 1.0, 0.1042209342122078, -0.9109225273132324, -0.576316237449646, -0.4297022223472595, -1.0, 0.2734089195728302, 0.5011663436889648, -0.39863404631614685, -0.6035093069076538]]
[[-1.0, 1.0, 1.0, 0.6947883367538452, -0.7555955648422241, 0.1301465779542923, 0.8078872561454773, -1.0, -0.03678271174430847, -0.21072673797607422, -0.22686631977558136, 0.50600665807724]]
[[-0.8431094884872437, 1.0, 1.0, -0.6220958828926086, -0.7437937259674072, 0.9929804801940918, 1.0, -1.0, 0.7054454684257507, 0.6781824231147766, 1.0, 0.4428790211677551]]
[[0.13448616862297058, 0.45685338973999023, 0.36918577551841736, -0.3587017059326172, -1.0, 1.0, 1.0, -1.0, 0.6843693852424622, 1.0, 1.0, 0.1549186408519745]]
[[0.05125442147254944, -0.41771215200424194, 0.45000773668289185, -0.4087122678756714, -0.987098217010498, 1.0, 1.0, -0.8292359113693237, 0.23727759718894958, 0.495954304933548, 0.9511644244194031, 0.0670270025730133]]
[[0.40064767003059387, -0.8237925171852112, 0.12991192936897278, -0.041177742183208466, -0.5812031030654907, 1.0, 1.0, -0.6775102615356445, 0.012105928733944893, -0.14690706133842468, 0.5354086756706238, 0.32782062888145447]]
[[0.6330416202545166, -0.9059035778045654, 0.10533688962459564, 0.3418903946876526, -0.33230358362197876, 1.0, 1.0, -0.7882611751556396, 0.06969843059778214, -0.1933387815952301, 0.1472160965204239, 0.2943381369113922]]
[[1.0, -0.9606419205665588, -0.10158546268939972, 0.43698447942733765, -0.4157610535621643, 0.5913640856742859, 0.8343186378479004, -0.9815088510513306, 0.03274598717689514, 0.4062584638595581, -0.49573251605033875, 0.5127153396606445]]
[[0.7791106700897217, -0.31018662452697754, 0.5069431662559509, -0.5274644494056702, -1.0, 0.3980955481529236, 0.8311635851860046, -0.8574824333190918, 0.5133391618728638, 0.4403400123119354, -0.9507942795753479, 0.5988290309906006]]
[[-0.12827488780021667, -0.9783142805099487, 0.7043281197547913, -0.6414883136749268, -0.45872724056243896, 0.918604850769043, 1.0, -0.41900238394737244, 0.36308252811431885, 0.3977608382701874, 0.10930828750133514, 0.3895743191242218]]
[[0.7482110261917114, -1.0, 0.6114905476570129, 0.038956739008426666, -0.3574870824813843, 0.9618780612945557, 0.8989032506942749, -0.454219788312912, -0.14519383013248444, 0.029298655688762665, -0.36017322540283203, 0.9040071368217468]]
[[1.0, -1.0, -0.1636839658021927, 0.43197453022003174, -0.4709877371788025, -0.24383334815502167, 0.434079647064209, -0.1707618236541748, 0.011729629710316658, 0.17044267058372498, -0.531791627407074, 0.4138530194759369]]
[[1.0, -1.0, -0.8991801738739014, 1.0, 0.44738489389419556, -0.8546499013900757, -1.0, 0.39980828762054443, 0.26439303159713745, 0.9879639148712158, 0.6512804627418518, 0.12433434277772903]]
[[0.37586525082588196, 0.7962390184402466, -0.6772549748420715, 0.7382825016975403, 0.9883534908294678, -1.0, -1.0, 0.6285815238952637, 0.9560277462005615, 0.9953849911689758, -0.46142181754112244, 0.8891637921333313]]
[[0.35409441590309143, -0.702228307723999, -0.8635175824165344, 0.4843246340751648, 1.0, -0.6490419507026672, -1.0, 1.0, 1.0, 0.7039978504180908, -0.0007022656500339508, 0.5060399770736694]]
[[0.3544038236141205, -0.08323192596435547, -0.9173378348350525, 0.16401444375514984, 1.0, -0.6731977462768555, -0.6568462252616882, 1.0, 0.7329441905021667, 1.0, -0.13294288516044617, 0.2794758975505829]]
[[-0.6654224395751953, -0.31545811891555786, -1.0, 0.0954492911696434, 1.0, -0.5270909070968628, -1.0, 1.0, 0.3413769006729126, 1.0, -0.2432735115289688, 0.26242637634277344]]
[[-0.3795628547668457, 0.3866318464279175, -1.0, -0.050274647772312164, 1.0, -0.6377866268157959, -0.7970834374427795, 1.0, 0.1176050454378128, 1.0, 0.03327810391783714, 0.05813537538051605]]
[[0.2603234350681305, -0.4256453812122345, -0.601477324962616, 0.20815949141979218, 1.0, -0.7475064992904663, -0.36647671461105347, 1.0, -0.3762897551059723, 1.0, -0.18745781481266022, 0.8701900243759155]]
[[-0.9089386463165283, 0.15072253346443176, -1.0, -0.5277866721153259, 1.0, -0.5093631148338318, -0.30643343925476074, 1.0, 0.07468076050281525, 1.0, 0.3360593020915985, 0.24526485800743103]]
[[-0.7809720039367676, 0.20684367418289185, -0.760834276676178, -0.3624424934387207, 1.0, -0.6431336402893066, -0.5766775012016296, 1.0, -0.19090253114700317, 0.7166862487792969, 0.26786383986473083, 0.04481566697359085]]
[[-0.49992498755455017, 0.789383053779602, -0.5062265396118164, -0.6571952700614929, 0.8281569480895996, -0.24291114509105682, -0.2707744240760803, 1.0, -0.040966346859931946, 0.716369092464447, 0.4948582947254181, -0.06550746411085129]]
[[-0.6471163034439087, 0.6098490357398987, 0.09572355449199677, -0.8638931512832642, 0.4717337489128113, -0.13791097700595856, -0.5706149935722351, 1.0, -0.3116615116596222, 0.7882845401763916, 0.5183590650558472, 0.10882817953824997]]
[[-0.7678747177124023, 0.8996415734291077, 1.0, -0.8776781558990479, -0.1762562245130539, 0.3316646218299866, -0.25990790128707886, 0.720508337020874, -0.5269390344619751, 0.7304726243019104, 0.5545192360877991, -0.08293374627828598]]
[[-0.6615149974822998, 0.8280620574951172, 0.7963983416557312, -0.03389468044042587, -1.0, -0.0433599054813385, -0.23321165144443512, -0.5572657585144043, -0.21099421381950378, 0.3801526725292206, 0.24994651973247528, -0.9452828764915466]]
[[0.26784655451774597, 0.03388312831521034, -0.028232526034116745, 1.0, -0.3658469319343567, 0.2566397786140442, 0.40784865617752075, -0.9784208536148071, 0.3500320017337799, 0.5026736259460449, 1.0, -0.49519115686416626]]
[[-0.7834134101867676, 1.0, 1.0, 0.06310243159532547, -1.0, 0.13984434306621552, 0.8800439238548279, -1.0, 0.46068301796913147, 1.0, 1.0, 0.4799829423427582]]
[[-0.42351803183555603, 1.0, 1.0, 0.09414983540773392, -1.0, 0.9905788898468018, 1.0, -1.0, 0.8793192505836487, 0.5437721610069275, 1.0, 0.1394195556640625]]
[[-0.12766149640083313, 0.052775029093027115, 0.7438289523124695, -0.39493197202682495, -1.0, 1.0, 1.0, -1.0, 0.6357914805412292, 0.49952393770217896, 1.0, 0.1565549671649933]]
[[0.5686107873916626, -0.43492692708969116, 0.0873793214559555, -0.22462616860866547, -0.8688087463378906, 1.0, 1.0, -0.8729506731033325, 0.233147531747818, 0.15278112888336182, 0.7633342146873474, 0.30658888816833496]]
[[0.32970061898231506, -0.597589910030365, 0.571603536605835, -0.17966143786907196, -0.6888872385025024, 1.0, 1.0, -0.7278600931167603, 0.19424933195114136, 0.030182264745235443, 0.28339439630508423, 0.3270610272884369]]
[[0.2821787893772125, -0.7550472021102905, 0.12337490916252136, 0.1138274148106575, -0.4319491386413574, 1.0, 0.9890598654747009, -0.8648358583450317, 0.07970420271158218, -0.0951288565993309, 0.22856703400611877, 0.31606894731521606]]
[[0.8712477684020996, -1.0, -0.11432497203350067, 0.5393143892288208, -0.16060571372509003, 0.7250341176986694, 0.8024910092353821, -0.9608118534088135, 0.0710078775882721, 0.3850056231021881, -0.17949552834033966, 0.5075306296348572]]
[[0.6464899778366089, -0.31847548484802246, 0.9536601305007935, -0.6527419686317444, -0.8466440439224243, 0.2222130298614502, 0.8405816555023193, -1.0, 0.34382420778274536, 0.6337236166000366, -1.0, 0.8618016839027405]]
[[-0.34682756662368774, -0.6123387813568115, 0.8077815771102905, -0.6667224764823914, -0.48680579662323, 1.0, 0.8656615614891052, -0.6358298063278198, 0.2808697819709778, 0.507750391960144, -0.0714140385389328, 0.6041893362998962]]
[[1.0, -1.0, -0.030439596623182297, -0.25765401124954224, -0.4535202383995056, 1.0, 0.5609697699546814, -0.4447667896747589, -0.13673600554466248, -0.1424696445465088, -0.3233209550380707, 0.6571400761604309]]
[[1.0, -1.0, -0.28817474842071533, 0.33463096618652344, -0.602189302444458, -0.12732015550136566, 0.04290120303630829, -0.31580570340156555, -0.02942544035613537, 0.16139423847198486, -0.7168537378311157, 0.4406084418296814]]
[[1.0, -1.0, -0.5337849259376526, 0.6204696297645569, 0.24597185850143433, -1.0, -0.5707972645759583, 0.012657105922698975, 0.2640976011753082, 0.5287321209907532, -0.3424701988697052, 0.11550263315439224]]
[[1.0, 0.32659995555877686, -0.8197165727615356, 1.0, 0.9338232278823853, -1.0, -1.0, 0.9486939907073975, 0.5743628740310669, 1.0, -0.05374324694275856, 0.2052634358406067]]
[[0.37984544038772583, 0.1317371129989624, -0.38560211658477783, 0.41062116622924805, 1.0, -1.0, -1.0, 1.0, 1.0, 0.9655537009239197, -0.27167007327079773, 0.5464033484458923]]
[[0.002025395631790161, -0.5449938178062439, -1.0, 0.8818349838256836, 1.0, -0.7187029123306274, -1.0, 1.0, 0.6461488604545593, 1.0, -0.28863605856895447, 0.6130308508872986]]
[[-0.46684810519218445, 0.3407739996910095, -1.0, 0.4120014011859894, 1.0, -0.8118045926094055, -1.0, 1.0, 0.6927143931388855, 1.0, -0.316250741481781, 0.5647963285446167]]
[[-0.39157065749168396, -0.31141388416290283, -1.0, 0.08359969407320023, 1.0, -0.8589203357696533, -1.0, 1.0, 0.10722300410270691, 1.0, -0.07625837624073029, 0.8595049381256104]]
[[-0.33619424700737, -0.031060542911291122, -0.9776570200920105, -0.35641488432884216, 1.0, -0.5766623020172119, -0.22807957231998444, 1.0, -0.09841914474964142, 1.0, 0.019958224147558212, 0.5714856386184692]]
[[-0.5058506727218628, -0.3189738392829895, -0.7254786491394043, -0.3545588254928589, 1.0, -1.0, -0.48863083124160767, 1.0, -0.09576138108968735, 1.0, -0.09649942815303802, 0.6745491623878479]]
[[-0.2915010452270508, 0.3313257694244385, -1.0, -0.5381672382354736, 1.0, -0.11163084208965302, 0.1164683923125267, 1.0, 0.06440943479537964, 0.9519604444503784, 0.29230085015296936, 0.14068838953971863]]
[[-0.4840860664844513, 0.2561907172203064, -0.7862405180931091, -1.0, 1.0, -0.07504749298095703, -1.0, 1.0, 0.06635472178459167, 1.0, 0.3775659501552582, -0.15036943554878235]]
[[-0.33225345611572266, 0.7956216335296631, -0.12472514808177948, -0.37181779742240906, 0.8697043657302856, -0.33118385076522827, -0.11676473915576935, 1.0, -0.15312793850898743, 0.9440584778785706, 0.3418967127799988, 0.6013415455818176]]
[[-1.0, 0.5622644424438477, 0.3414718210697174, -0.5287376642227173, 0.2725207805633545, -0.005319640040397644, -0.8002070188522339, 1.0, -0.4478435516357422, 0.9072535634040833, 0.3104172348976135, 0.141352117061615]]
[[-0.4077434241771698, 1.0, 1.0, -1.0, -0.44226861000061035, 0.6894527673721313, -0.0650564581155777, 0.989396333694458, -0.7297582626342773, 0.8422834873199463, 0.7190235257148743, -0.0034132227301597595]]
[[-0.5101391077041626, 1.0, 0.6166189312934875, -0.6884105205535889, -1.0, -0.5317423939704895, -0.17180605232715607, -0.3182280361652374, -0.015412209555506706, 0.5468608140945435, -0.5805982947349548, -0.6227174401283264]]
[[0.005801558494567871, 0.4186667203903198, -0.43836236000061035, 1.0, -0.42531466484069824, 0.037867844104766846, 0.26795893907546997, -0.902880072593689, 0.3203561305999756, 0.6367865800857544, 0.6547807455062866, -0.7475693225860596]]
[[-0.5864880084991455, 1.0, 1.0, 0.5832801461219788, -1.0, 0.36335304379463196, 0.9034836292266846, -1.0, 0.7009567022323608, 0.5312325954437256, 0.5284821391105652, 0.371042400598526]]
[[-0.32335856556892395, 1.0, 1.0, 0.22761638462543488, -0.9909524917602539, 0.8708373308181763, 1.0, -1.0, 0.9901425242424011, 0.7008544206619263, 1.0, 0.43791213631629944]]
[[0.10835015773773193, 0.9685906171798706, 0.7426910400390625, -0.22214530408382416, -0.8725906610488892, 1.0, 1.0, -1.0, 0.7702983617782593, 0.31590670347213745, 1.0, -0.04875590652227402]]
[[-0.03465452790260315, -0.5962786078453064, 0.376383513212204, -0.05718647688627243, -0.745697021484375, 1.0, 1.0, -0.788777232170105, 0.5178036093711853, 0.18721267580986023, 1.0, 0.10619949549436569]]
[[-0.023814380168914795, -0.867537260055542, 0.5081962943077087, -0.25550252199172974, -0.696000337600708, 1.0, 1.0, -1.0, 0.14919331669807434, 0.25547531247138977, 0.4279996454715729, 0.43454432487487793]]
[[0.49627217650413513, -0.46360552310943604, 0.37328827381134033, -0.3776121437549591, -0.8045053482055664, 1.0, 1.0, -1.0, 0.03155604749917984, 0.1348002552986145, 0.27783700823783875, 0.36771225929260254]]
[[0.6051310300827026, -0.7784825563430786, 0.19919835031032562, -0.01947801373898983, -0.5585790872573853, 1.0, 1.0, -0.6775540113449097, -0.01746325008571148, 0.061145685613155365, 0.23649334907531738, 0.4197922945022583]]
[[0.7373331785202026, -0.4816146492958069, 0.08988766372203827, -0.05726974457502365, -1.0, 0.5941523313522339, 0.6677524447441101, -0.9198168516159058, -0.3082633316516876, -0.5408233404159546, -0.8660222887992859, 0.42572149634361267]]
[[1.0, -1.0, -0.7381895780563354, 0.9139703512191772, -0.0134153813123703, 0.40544503927230835, 0.19224968552589417, -0.07957294583320618, -0.20880864560604095, -0.09556590765714645, 0.02716299518942833, 0.07100129872560501]]
[[0.4448969066143036, -0.3891780376434326, 1.0, -0.8908778429031372, -0.7753138542175293, 0.024518489837646484, 0.8245006203651428, -1.0, 0.8134106993675232, 0.5903899669647217, -0.8867572546005249, 0.9298895597457886]]
[[-0.885132908821106, -0.9985319972038269, 1.0, -0.6942238807678223, -0.12711940705776215, 0.694839358329773, 0.702833354473114, -0.48811784386634827, 0.740358293056488, 0.2880951464176178, -0.12707506120204926, 0.6905619502067566]]
[[0.6506677865982056, -1.0, 0.5056424736976624, 0.36057865619659424, -0.12934409081935883, 0.28212428092956543, 0.3148263692855835, -0.6091078519821167, 0.34329620003700256, 0.5140478014945984, -0.49812182784080505, 0.575376570224762]]
[[1.0, -1.0, -0.5928253531455994, 1.0, 0.14535100758075714, -0.7704298496246338, -0.795779287815094, -0.026670902967453003, 0.4278152287006378, 0.4169560372829437, -0.30016082525253296, -0.15758302807807922]]
[[0.7764279842376709, 0.4237297773361206, -0.7899242639541626, 0.9860175848007202, 1.0, -1.0, -1.0, 0.6059761047363281, 0.662613034248352, 0.9649015665054321, -0.2461874932050705, 0.5083954334259033]]
[[-0.017867833375930786, -0.30021363496780396, -1.0, 0.4641864597797394, 1.0, -0.9958829879760742, -1.0, 1.0, 0.7896817326545715, 0.8426384925842285, -0.16286085546016693, 0.8541458249092102]]
[[0.35884544253349304, 0.3197179138660431, -0.8080712556838989, 0.21208341419696808, 1.0, -1.0, -0.8667286038398743, 1.0, 0.30860790610313416, 0.8730511665344238, -0.07632569968700409, 0.5322675108909607]]
[[-0.5831347703933716, -0.6476044654846191, -1.0, 0.23664610087871552, 1.0, -0.978797435760498, -0.9420115351676941, 1.0, 0.36646997928619385, 0.7152042388916016, -0.25917401909828186, 0.650048553943634]]
[[0.26174792647361755, -0.19910654425621033, -1.0, 0.3435584604740143, 1.0, -0.3120298981666565, -1.0, 1.0, 0.3897474706172943, 0.9424872398376465, -0.07799193263053894, 0.1053510531783104]]
[[0.13404229283332825, 0.47095251083374023, -0.7457945346832275, -0.22788287699222565, 1.0, -0.5880385041236877, -0.21433492004871368, 1.0, 0.5499252676963806, 1.0, -0.016280997544527054, 0.365639865398407]]
[[0.2709556221961975, -0.5450167059898376, -0.8092634081840515, -0.15685494244098663, 1.0, -0.8806651830673218, -0.4675963521003723, 1.0, -0.002828015014529228, 1.0, -0.22202910482883453, 0.7396674156188965]]
[[-1.0, -0.36315077543258667, -0.849162757396698, -0.348486989736557, 1.0, -0.4856020212173462, 0.017136171460151672, 1.0, 0.20995570719242096, 1.0, -0.12089654803276062, 0.4750957787036896]]
[[-0.2066713124513626, 0.37914249300956726, -0.8399091958999634, -0.6652867794036865, 1.0, -0.504668116569519, -0.3994593620300293, 1.0, -0.5661801695823669, 0.8834526538848877, 0.4853798747062683, 0.2076978087425232]]
[[-1.0, 0.9745609760284424, -0.2676798403263092, -0.8684943914413452, 0.9205949306488037, -0.20021547377109528, -0.1825706511735916, 1.0, -0.27677688002586365, 0.9753296375274658, 0.2790290117263794, 0.3195785880088806]]
[[-1.0, 0.6618485450744629, 0.3847992420196533, -0.9088096022605896, 0.16311372816562653, 0.12634170055389404, -0.8132926821708679, 1.0, -0.8169761300086975, 0.9760419130325317, 0.6761693358421326, -0.1325090527534485]]
[[-0.7789579629898071, 1.0, 1.0, -0.8925785422325134, -0.6581130027770996, 0.5798710584640503, 0.18308021128177643, 0.5886938571929932, -0.6798518300056458, 0.7900894284248352, 0.6902640461921692, -0.15887731313705444]]
[[-0.6113382577896118, 1.0, 0.8248007893562317, -0.38649308681488037, -1.0, -0.4326792359352112, -0.006531551480293274, -0.5607249736785889, -0.25391852855682373, 0.6752372980117798, -0.16980351507663727, -0.6949312090873718]]
[[-0.5042204856872559, 0.7164266109466553, 0.6254571080207825, 0.9311992526054382, -0.6546605229377747, -0.005656138062477112, 0.7064343094825745, -1.0, 0.029457183554768562, 0.18689346313476562, 0.39301517605781555, 0.1478884220123291]]
[[0.019220173358917236, 1.0, 1.0, 0.47046101093292236, -0.9140822887420654, 0.9546625018119812, 1.0, -1.0, 0.8947820663452148, 0.9271070957183838, 1.0, 0.5846535563468933]]
[[-0.3801654875278473, 0.6948530673980713, 1.0, -0.20281581580638885, -0.9525916576385498, 1.0, 1.0, -1.0, 0.7326350212097168, 0.5712786316871643, 1.0, 0.04511568695306778]]
[[0.09509420394897461, -0.3328106999397278, 0.2084226757287979, -0.20842598378658295, -0.9080379009246826, 1.0, 1.0, -1.0, 0.4073645770549774, 0.3891955614089966, 1.0, 0.2160208523273468]]
[[0.8093277215957642, -0.062147106975317, 0.8686315417289734, -0.6906511783599854, -1.0, 1.0, 0.9655011296272278, -1.0, -0.01924634538590908, -0.21622130274772644, 0.2524712383747101, 0.05490676313638687]]
[[0.6439335346221924, -1.0, 0.03615593537688255, 0.6655058860778809, -0.4545298218727112, 1.0, 1.0, -0.867146372795105, 0.021770427003502846, 0.33945831656455994, 0.3986766040325165, 0.3408249318599701]]
[[1.0, -1.0, -0.2824411392211914, 0.7229031324386597, -0.1568484753370285, 1.0, 0.9949374198913574, -1.0, -0.09525757282972336, 0.47128167748451233, -0.06825752556324005, 0.6390486359596252]]
[[0.043980807065963745, -0.2039509266614914, 1.0, -0.8933679461479187, -0.974651575088501, 0.6200758814811707, 1.0, -1.0, 0.6505845189094543, 0.7420818209648132, -0.9314971566200256, 1.0]]
[[-0.751906156539917, -0.864660918712616, 0.5827202200889587, -0.7868590354919434, -0.39087069034576416, 1.0, 0.9508531093597412, -0.6045353412628174, 0.6627303957939148, 0.2672218680381775, 0.1494510918855667, 0.43021324276924133]]
[[0.4240039587020874, -1.0, 0.21046148240566254, -0.1487644910812378, -0.44495224952697754, 1.0, 0.42416560649871826, -0.6387476921081543, 0.2719181776046753, 0.0728655532002449, -0.5774011015892029, 0.7643965482711792]]
[[1.0, -1.0, -0.36224353313446045, 0.4635528326034546, -0.3518849015235901, 0.23470118641853333, -0.055629268288612366, -0.2848826050758362, 0.2563052475452423, 0.2791253924369812, -0.4658134877681732, 0.4039725065231323]]
[[0.9291324615478516, -1.0, 0.026757467538118362, 0.12613335251808167, -0.5377272367477417, -1.0, -0.1387002319097519, -0.23909839987754822, 0.04015094041824341, 0.10165562480688095, -0.9059789776802063, -0.12380583584308624]]
[[1.0, -1.0, -1.0, 1.0, 0.8060474991798401, -1.0, -1.0, 0.8527469635009766, 0.34452006220817566, 0.31645119190216064, 0.7094873785972595, -0.32682761549949646]]
