[[2.0, -2.0, -2.0, 2.0, 2.20149302482605, 1.9064056873321533, 1.8284211158752441, 1.9993016719818115, 0.982211709022522, 0.8584989309310913, 1.25, -0.6810960173606873]]
[[2.0, -2.0, -2.0, 2.0, 2.299999952316284, 0.4655839502811432, -1.7000000476837158, 2.299999952316284, 1.25, -0.5651535987854004, -0.035355985164642334, -1.0164008140563965]]
[[2.0, -1.7548789978027344, -2.0, 2.0, 2.299999952316284, 0.21580636501312256, -0.43110209703445435, 2.299999952316284, 1.0738593339920044, -0.44657301902770996, -1.3322832584381104, -0.6608350276947021]]
[[1.2966272830963135, -0.16188423335552216, -2.0, 1.1389670372009277, 2.299999952316284, 0.04255819320678711, -0.2392793893814087, 2.299999952316284, 0.49804627895355225, -0.226762592792511, -0.8375900387763977, -0.7973730564117432]]
[[0.4898047149181366, -0.2860713005065918, -2.0, 0.3574695587158203, 2.299999952316284, -0.061488837003707886, -0.16648262739181519, 2.299999952316284, 0.05032491683959961, 0.163995623588562, -0.9154852628707886, -1.302612066268921]]
[[0.32483336329460144, -0.21161851286888123, -2.0, -0.2601892948150635, 2.299999952316284, -0.04988643527030945, -0.36936330795288086, 2.299999952316284, -0.3264580965042114, 0.08004438877105713, -0.9874293804168701, -1.2266428470611572]]
[[0.4877263605594635, -0.5304694771766663, -2.0, -0.4375803768634796, 1.8246421813964844, 0.07706800103187561, -0.2955537438392639, 2.299999952316284, -0.5737775564193726, -0.06858158111572266, -1.225832223892212, -1.25739324092865]]
[[0.4641745388507843, -0.6449142694473267, -2.0, -0.0253671333193779, 1.3279528617858887, -0.011301010847091675, 0.11883825063705444, 2.299999952316284, -0.7309209108352661, -0.12286525964736938, -1.1810400485992432, -1.2743728160858154]]
[[-0.058792587369680405, -0.398663192987442, -1.5379315614700317, 0.1562831997871399, 0.7883907556533813, -0.21223801374435425, 0.35431477427482605, 2.299999952316284, -0.698715329170227, -0.390809565782547, -1.3812072277069092, -1.2045509815216064]]
[[0.18725886940956116, -0.7687363028526306, -1.0373615026474, -0.8131685256958008, 1.204707145690918, 0.2740912139415741, 0.4283662438392639, 2.299999952316284, 0.08386492729187012, -0.09380120038986206, -1.4221904277801514, -1.4948769807815552]]
[[-0.6100112795829773, 1.8066645860671997, -0.5864580869674683, -0.6994690895080566, 0.13837876915931702, -1.4687471389770508, -0.4458492398262024, 2.299999952316284, -0.5554186701774597, -0.15359961986541748, -1.6391525268554688, -1.592146635055542]]
[[-2.0, 2.0, 0.36739853024482727, -1.3014816045761108, -0.37327349185943604, -1.3088998794555664, -0.01529836654663086, 1.3829069137573242, -1.334487795829773, -0.20911788940429688, -1.7502375841140747, -2.34605073928833]]
[[-2.0, 2.0, 0.8150210380554199, -0.4751119315624237, -0.6446532607078552, -0.6858144402503967, -0.3077344298362732, -0.4469143748283386, -1.5152350664138794, 0.023393750190734863, -1.0553960800170898, -1.8784122467041016]]
[[-2.0, 2.0, 1.240926742553711, -0.9924504160881042, -0.3948025107383728, 0.28217774629592896, 1.92881178855896, -1.7000000476837158, -1.3158698081970215, 0.6082491874694824, 0.12014448642730713, -1.3225831985473633]]
[[-2.0, 2.0, 1.844734787940979, -1.7946873903274536, -0.28200435638427734, 1.603085994720459, 2.299999952316284, -1.5466980934143066, -0.6437007188796997, 0.6171127557754517, -0.28071993589401245, -1.1979924440383911]]
[[-1.310422420501709, 0.9377719759941101, 1.4173327684402466, -2.0, -0.55209881067276, 1.9021825790405273, 2.299999952316284, -1.352240800857544, -0.43975576758384705, 0.4235846996307373, -0.8006855249404907, -1.285778522491455]]
[[-0.5898903012275696, 0.31580066680908203, 1.2108628749847412, -2.0, -0.6968539357185364, 1.9161491394042969, 2.299999952316284, -1.4788455963134766, -0.3553470969200134, 0.35714900493621826, -0.9715282320976257, -1.2669000625610352]]
[[-0.3079288899898529, 0.7058410048484802, 1.4570512771606445, -2.0, -0.6972429156303406, 1.297842025756836, 2.299999952316284, -1.7000000476837158, -0.4135759472846985, 0.3874943256378174, -0.9257000088691711, -1.3016314506530762]]
[[-0.9570338726043701, 0.3935987055301666, 1.0707112550735474, -2.0, 0.050746023654937744, 1.4555518627166748, 2.299999952316284, -1.7000000476837158, -0.6368369460105896, 0.5471823215484619, -0.389449805021286, -1.3653087615966797]]
[[-0.9388615489006042, -0.3416278660297394, 0.9453922510147095, -2.0, 0.10098305344581604, 1.6510567665100098, 2.299999952316284, -1.484297513961792, -0.4133865237236023, 0.06418335437774658, -0.4024031460285187, -1.4061298370361328]]
[[-0.9978525042533875, -0.6979303956031799, 0.8427987694740295, -2.0, 0.13722211122512817, 1.7014245986938477, 2.299999952316284, -1.287949562072754, -0.3376014828681946, -0.32806697487831116, -0.26336175203323364, -1.465301275253296]]
[[-1.0676624774932861, -0.14939285814762115, 1.0790666341781616, -2.0, 0.3425150513648987, 1.5175001621246338, 2.299999952316284, -1.3420679569244385, -0.2924060821533203, -0.2588039040565491, -0.4160556197166443, -1.2993464469909668]]
[[-0.5610519051551819, -0.4965952932834625, 0.7773827314376831, -1.9002913236618042, 0.41893213987350464, 1.6011650562286377, 2.299999952316284, -1.4681386947631836, -0.2791132926940918, -0.3795766234397888, -0.2943521738052368, -1.3394031524658203]]
[[-0.7398390173912048, -0.17806509137153625, 0.7702407240867615, -1.7713491916656494, 0.44993916153907776, 1.7446725368499756, 2.299999952316284, -1.244692325592041, -0.4355795681476593, -0.3956998884677887, -0.42541027069091797, -1.0349434614181519]]
[[-0.29986482858657837, -0.7577754855155945, 0.4506224989891052, -1.4495431184768677, 0.5043323636054993, 2.132211685180664, 2.299999952316284, -1.2966985702514648, -0.5679529905319214, -0.8485283255577087, -0.08602893352508545, -1.298111081123352]]
[[-0.3900189995765686, -0.4989166855812073, 0.6169174313545227, -1.0607329607009888, 0.8056042790412903, 2.0220439434051514, 2.299999952316284, -1.4155712127685547, -0.5523252487182617, -0.7265565395355225, -0.113056480884552, -1.1846468448638916]]
[[-0.053720857948064804, -0.762316882610321, 0.5239521265029907, -0.5208294987678528, 1.1033282279968262, 1.9618070125579834, 2.299999952316284, -1.5821876525878906, -0.346335768699646, -0.8884060978889465, -0.25584834814071655, -1.2539548873901367]]
[[0.4352194368839264, -1.5355197191238403, 0.09445448219776154, 0.3534453809261322, 1.3210227489471436, 2.082442045211792, 2.299999952316284, -1.3726179599761963, -0.07209205627441406, -1.1098949909210205, -0.28163909912109375, -1.4188954830169678]]
[[1.4052860736846924, -2.0, -0.830434262752533, 2.0, 1.5956299304962158, 2.0967111587524414, 2.299999952316284, -1.1155600547790527, 0.40504777431488037, -1.315248727798462, -0.35580456256866455, -1.5353448390960693]]
[[1.9555904865264893, -1.850843906402588, -1.089303970336914, 1.4071426391601562, 1.1306877136230469, 1.3293800354003906, 1.6852705478668213, -1.7000000476837158, 0.2203388810157776, -1.7429747581481934, -1.3096787929534912, -1.1338565349578857]]
[[2.0, -1.436263084411621, -0.8640143275260925, 2.0, 1.198078989982605, 0.6679408550262451, 0.07477414608001709, -1.5876572132110596, 0.48483097553253174, -1.8878593444824219, -1.5021162033081055, -0.5843569040298462]]
[[2.0, -1.006646752357483, 0.8508780598640442, 1.8122631311416626, 0.7582502365112305, -0.4281230568885803, -1.0595638751983643, -0.7211369872093201, 0.36432337760925293, -1.861825704574585, -1.6899590492248535, -0.2952200770378113]]
[[2.0, -2.0, -2.0, 2.0, 1.5395541191101074, -0.6527174115180969, -1.7000000476837158, 1.3273098468780518, 1.25, -1.1409382820129395, -0.07582300901412964, 0.6597219705581665]]
[[2.0, -2.0, -2.0, 2.0, 2.299999952316284, -0.5235703587532043, -1.7000000476837158, 2.299999952316284, 1.25, -0.6811992526054382, -0.2873927354812622, 0.14683878421783447]]
[[2.0, -0.3503168523311615, -2.0, 2.0, 2.299999952316284, -0.599269449710846, -1.0168144702911377, 2.299999952316284, 1.25, -0.6044946312904358, -1.0158326625823975, -0.3549965023994446]]
[[1.961862564086914, 0.24578146636486053, -2.0, 2.0, 2.299999952316284, -0.7795596718788147, -1.0791923999786377, 2.299999952316284, 1.1922237873077393, -0.2294875979423523, -1.1904287338256836, -1.0717136859893799]]
[[0.8132802844047546, 0.5811122059822083, -1.9695912599563599, 1.6017731428146362, 2.299999952316284, -0.8568249344825745, -1.069572925567627, 2.299999952316284, 0.6272348165512085, 0.009046614170074463, -1.2346577644348145, -1.49642813205719]]
[[0.09233960509300232, 0.7393154501914978, -1.3621912002563477, 0.8610813617706299, 2.299999952316284, -0.8627131581306458, -1.287487506866455, 2.299999952316284, 0.41941022872924805, -0.19895315170288086, -1.2380777597427368, -1.2430603504180908]]
[[-0.4998008608818054, 1.2976126670837402, -0.5214323997497559, -0.05862661451101303, 2.299999952316284, -0.5367311835289001, -1.6457185745239258, 2.299999952316284, -0.050375938415527344, -0.4868277907371521, -1.0286414623260498, -0.9386891722679138]]
[[0.15822255611419678, 0.4019456207752228, -0.5466683506965637, 0.09596634656190872, 1.2457213401794434, -0.18344256281852722, -1.7000000476837158, 2.299999952316284, -0.7609459757804871, -0.5937616229057312, -0.509274959564209, -0.9026336669921875]]
[[0.060520533472299576, 0.26695457100868225, -1.052093267440796, 0.3695293962955475, 1.146946907043457, -0.05649515986442566, -1.1913814544677734, 2.299999952316284, -0.9439222812652588, -0.33656972646713257, -0.24787849187850952, -1.2625279426574707]]
[[0.1239885687828064, 0.01598883792757988, -1.0052067041397095, 0.5707005262374878, 1.0527386665344238, 0.05776175856590271, -1.3032779693603516, 2.299999952316284, -0.8929282426834106, -0.49322208762168884, -0.3340039849281311, -1.171689510345459]]
[[0.026667479425668716, -0.14933474361896515, -0.9078884720802307, 0.4478875696659088, 0.9940119385719299, 0.1818825900554657, -0.9836625456809998, 2.299999952316284, -0.8880483508110046, -0.6942110657691956, -0.6324074864387512, -1.0357675552368164]]
[[-0.476504385471344, 0.055377524346113205, -0.5519130825996399, 0.14347243309020996, 0.7713867425918579, 0.21591776609420776, -0.4333871603012085, 2.299999952316284, -0.8143906593322754, -0.7845220565795898, -0.8095781207084656, -0.8463121652603149]]
[[-0.8727986216545105, 0.7282804846763611, 0.4138088822364807, -0.6400306224822998, 0.09655779600143433, -0.2315731644630432, -0.18985098600387573, 2.299999952316284, -0.6712914109230042, -0.8731838464736938, -1.317394495010376, -0.9728115797042847]]
[[-0.37226399779319763, 0.6575446724891663, 0.42941588163375854, -0.9567504525184631, 1.3021981716156006, -0.22689133882522583, 0.09763669967651367, 2.299999952316284, 0.005354642868041992, -0.040991783142089844, -0.8469953536987305, -1.2294553518295288]]
[[-0.9573478102684021, 2.0, 0.8176175951957703, -0.966482400894165, -0.043772220611572266, -1.1833174228668213, -0.6658986210823059, 1.1460158824920654, -0.6417115926742554, 0.02905440330505371, -1.215324878692627, -1.209519624710083]]
[[-2.0, 2.0, 1.3193281888961792, -1.2052412033081055, -0.5549631714820862, -1.0788776874542236, -0.20128774642944336, 0.2994844317436218, -1.4753072261810303, 0.06991350650787354, -1.1505818367004395, -1.6481876373291016]]
[[-1.0548855066299438, 2.0, 0.5943379998207092, -0.23372182250022888, -0.3781856298446655, 0.10628506541252136, -0.38483721017837524, -0.3755595088005066, -1.5034314393997192, -0.012207746505737305, -0.5480358004570007, -1.3318560123443604]]
[[-2.0, 2.0, 0.7697803378105164, -0.27750256657600403, -0.3338698148727417, 0.6865230202674866, 1.9584472179412842, -1.7000000476837158, -1.6348522901535034, 0.6653017997741699, 0.5177593231201172, -0.8890962600708008]]
[[-1.8895372152328491, 2.0, 2.0, -1.4661211967468262, -0.4813024401664734, 1.5837059020996094, 2.299999952316284, -1.7000000476837158, -0.881145715713501, 0.6600625514984131, -0.2937384843826294, -1.067455530166626]]
[[-0.9878543615341187, 1.073120355606079, 1.8473008871078491, -2.0, -0.4290536046028137, 2.102055072784424, 2.299999952316284, -1.3702621459960938, -0.5224846601486206, 0.42162442207336426, -0.8824953436851501, -1.2859783172607422]]
[[-0.8519781231880188, -0.1347714513540268, 1.3350833654403687, -2.0, -0.32231444120407104, 2.219515323638916, 2.299999952316284, -1.2662384510040283, -0.3508325219154358, 0.3564862012863159, -0.9274206161499023, -1.3107433319091797]]
[[-0.6186423301696777, -0.13892923295497894, 1.5899320840835571, -2.0, -0.15190953016281128, 1.7945876121520996, 2.299999952316284, -1.4997951984405518, -0.1445709466934204, 0.4200671911239624, -1.1472172737121582, -1.2870986461639404]]
[[-0.19510653614997864, 0.02748839184641838, 1.4587507247924805, -2.0, -0.19418829679489136, 1.3505055904388428, 2.299999952316284, -1.7000000476837158, -0.2077675461769104, 0.3988124132156372, -0.9510513544082642, -1.2875080108642578]]
[[-0.23389849066734314, -0.1653812974691391, 0.9196590185165405, -2.0, -0.1796783208847046, 1.2942824363708496, 2.299999952316284, -1.7000000476837158, -0.6251894235610962, 0.34646475315093994, -0.3940497040748596, -1.3049622774124146]]
[[-0.3580942153930664, -0.3347114324569702, 0.812012791633606, -2.0, 0.09393590688705444, 1.7957892417907715, 2.299999952316284, -1.5218567848205566, -0.7414548397064209, -0.1892162561416626, -0.2111477255821228, -1.208587408065796]]
[[-0.4964379370212555, 0.22005967795848846, 1.0379911661148071, -2.0, 0.324419230222702, 1.6915018558502197, 2.299999952316284, -1.427631139755249, -0.6544612646102905, -0.20093995332717896, -0.32757943868637085, -0.9212009906768799]]
[[-0.07956776022911072, -0.4571920931339264, 0.5870988368988037, -1.939266562461853, 0.4322673976421356, 1.8039538860321045, 2.299999952316284, -1.5605902671813965, -0.5000911951065063, -0.3555225729942322, -0.2612813711166382, -1.0867763757705688]]
[[-0.43612608313560486, -0.3533577024936676, 0.5865496397018433, -1.7190839052200317, 0.40440887212753296, 1.5658679008483887, 2.299999952316284, -1.3171589374542236, -0.49984949827194214, -0.41490501165390015, -0.4516185522079468, -0.9263971447944641]]
[[-0.01365986093878746, -1.2323815822601318, 0.27781111001968384, -1.351632833480835, 0.38636404275894165, 1.6497597694396973, 2.299999952316284, -1.342374324798584, -0.37673845887184143, -1.0993791818618774, -0.3577005863189697, -1.3420398235321045]]
[[0.22110864520072937, -0.9632870554924011, 0.5174709558486938, -0.8139287829399109, 0.6260757446289062, 1.4151735305786133, 2.299999952316284, -1.3964965343475342, -0.24094724655151367, -1.1452707052230835, -0.45662063360214233, -1.242276906967163]]
[[1.1012998819351196, -1.1898572444915771, 0.15307873487472534, 0.2594667077064514, 1.0041674375534058, 1.4798564910888672, 2.299999952316284, -1.550391674041748, -0.03739297389984131, -1.4101983308792114, -0.5184859037399292, -1.1806671619415283]]
[[2.0, -2.0, -0.9623208045959473, 2.0, 1.5095405578613281, 1.7651398181915283, 2.0252668857574463, -1.3942110538482666, 0.2974588871002197, -1.690402626991272, -0.34050309658050537, -1.1832350492477417]]
[[2.0, -2.0, -2.0, 2.0, 2.076395034790039, 1.7373368740081787, 1.4175047874450684, -0.9479902386665344, 0.5273123979568481, -2.099933624267578, -0.498180627822876, -1.386961579322815]]
[[2.0, -2.0, -1.5364025831222534, 2.0, 1.4049909114837646, 1.0068387985229492, -0.2554693818092346, -1.3953912258148193, 0.4810894727706909, -2.0951316356658936, -0.8817768096923828, -0.5668802261352539]]
[[2.0, -0.22122491896152496, 2.0, 1.6021085977554321, 1.0843751430511475, -0.3841870427131653, -1.1569585800170898, -0.6762551665306091, 0.37666189670562744, -1.8589885234832764, -2.0618300437927246, -0.1149560809135437]]
[[2.0, -2.0, -1.740352749824524, 2.0, 1.972367763519287, -0.8955228924751282, -1.7000000476837158, 1.6734037399291992, 1.25, -1.60564386844635, -0.5579918026924133, 0.5888317823410034]]
[[2.0, -1.9006330966949463, -2.0, 2.0, 2.299999952316284, -0.7151060700416565, -1.7000000476837158, 2.299999952316284, 1.25, -0.3763730525970459, -0.23858845233917236, -0.33502012491226196]]
[[2.0, 0.3923585116863251, -2.0, 2.0, 2.299999952316284, -0.7869598269462585, -1.2851917743682861, 2.299999952316284, 1.25, -0.516340434551239, -0.9858894348144531, -0.5964063405990601]]
[[1.278874158859253, 0.67330402135849, -1.8087180852890015, 2.0, 2.299999952316284, -0.7702468037605286, -1.7000000476837158, 2.299999952316284, 1.25, -0.5751047730445862, -1.1242258548736572, -0.4384176731109619]]
[[0.5859431624412537, 0.9208715558052063, -1.107226848602295, 1.154462456703186, 2.299999952316284, -0.7167869210243225, -1.7000000476837158, 2.299999952316284, 0.2894827127456665, -0.5411060452461243, -0.5653010010719299, 0.1781107783317566]]
[[-0.1531665325164795, 0.4897870123386383, -0.9993053078651428, 0.9328819513320923, 2.299999952316284, -0.3309556841850281, -1.5727169513702393, 2.299999952316284, -0.07600271701812744, -0.526497483253479, -0.409087210893631, -0.5773653388023376]]
[[-0.2157791554927826, 0.5550339221954346, -0.9406537413597107, 0.6017301082611084, 2.299341917037964, -0.24771028757095337, -1.6514294147491455, 2.299999952316284, -0.2453080415725708, -0.5267295837402344, -0.4378700256347656, -0.7917063236236572]]
[[-0.1631830334663391, 0.5304993391036987, -0.7564323544502258, 0.29616329073905945, 2.0477378368377686, -0.12389227747917175, -1.7000000476837158, 2.299999952316284, -0.3773496747016907, -0.5421040058135986, -0.6322574019432068, -0.971831738948822]]
[[-0.12261271476745605, 0.37044426798820496, -0.8990918397903442, 0.2745743691921234, 1.8163542747497559, -0.05411991477012634, -1.4705440998077393, 2.299999952316284, -0.5533801317214966, -0.40053853392601013, -0.5811640024185181, -1.1686859130859375]]
[[-0.09385457634925842, 0.13966839015483856, -1.0326699018478394, 0.37579575181007385, 1.576014518737793, 0.020814329385757446, -1.1565828323364258, 2.299999952316284, -0.6341241002082825, -0.29881221055984497, -0.4630904197692871, -1.262452244758606]]
[[-0.03584521636366844, -0.06372831761837006, -0.8818491101264954, 0.40573567152023315, 1.3102188110351562, 0.04345884919166565, -1.1621851921081543, 2.299999952316284, -0.6532761454582214, -0.49290964007377625, -0.6614659428596497, -1.1591718196868896]]
[[-0.2578149437904358, -0.21806621551513672, -0.617272675037384, 0.31470420956611633, 1.0498898029327393, 0.17971393465995789, -0.7649804949760437, 2.299999952316284, -0.6894856095314026, -0.7197439670562744, -0.9388803243637085, -1.0076265335083008]]
[[-0.6166684627532959, 0.3107737600803375, -0.07383589446544647, -0.1010630652308464, 0.3365379869937897, -0.17571839690208435, -0.41230571269989014, 2.299999952316284, -0.7930655479431152, -0.8385347127914429, -1.246798038482666, -0.9842634201049805]]
[[-0.23677104711532593, -0.2022741138935089, 0.5182055830955505, -0.9771077632904053, 0.8300792574882507, 0.3373641073703766, -0.013651072978973389, 2.299999952316284, 0.15722113847732544, -0.1837073564529419, -1.6128184795379639, -0.8534179329872131]]
[[0.3347490131855011, 1.115202784538269, -0.8675349354743958, 0.6102747917175293, 0.41147229075431824, -1.064934253692627, -0.7668969035148621, 2.299999952316284, -0.6035271883010864, 0.007544279098510742, -0.8302966356277466, -1.2313644886016846]]
[[-1.238653540611267, 2.0, 0.5856547951698303, -0.7798621654510498, 0.20209431648254395, -1.3156588077545166, -0.3266924023628235, 1.9281129837036133, -0.8576851487159729, -0.15650218725204468, -1.4422111511230469, -1.8327171802520752]]
[[-2.0, 2.0, 1.5599859952926636, -0.958444356918335, -0.5824068188667297, -0.8024942278862, -0.15572941303253174, -0.339468777179718, -1.3760063648223877, -0.22298800945281982, -1.1043485403060913, -1.5206856727600098]]
[[-1.5088706016540527, 2.0, 0.6183543801307678, 0.18330320715904236, -0.20037442445755005, 0.01727035641670227, -0.7974730134010315, -0.5123810172080994, -1.0601849555969238, 0.02051311731338501, -0.6419386863708496, -1.4252381324768066]]
[[-2.0, 2.0, 1.5898798704147339, -0.7117441892623901, -0.3761981129646301, 0.4480198919773102, 1.4099431037902832, -1.7000000476837158, -1.2991048097610474, 0.4413468837738037, 0.10555404424667358, -1.293481469154358]]
[[-1.8938695192337036, 2.0, 1.924139380455017, -1.142985463142395, -0.44991958141326904, 1.7931032180786133, 2.299999952316284, -1.7000000476837158, -0.7132328152656555, 0.4116251468658447, -0.2352878451347351, -1.254953145980835]]
[[-1.188388705253601, 1.216107964515686, 1.8035755157470703, -2.0, -0.6033807396888733, 2.1577696800231934, 2.299999952316284, -1.5546820163726807, -0.5891467332839966, 0.37432146072387695, -0.6649576425552368, -1.3768985271453857]]
[[-0.7089654803276062, 0.4037393629550934, 1.3119785785675049, -2.0, -0.5138866305351257, 2.299999952316284, 2.299999952316284, -1.4976458549499512, -0.599894642829895, 0.4334402084350586, -0.7268029451370239, -1.309636116027832]]
[[-0.4801129996776581, 0.3272012174129486, 1.5948313474655151, -2.0, -0.2585229277610779, 2.2264130115509033, 2.299999952316284, -1.6759369373321533, -0.4280589520931244, 0.625191330909729, -0.8789886236190796, -1.22890305519104]]
[[-0.15363141894340515, -0.13152135908603668, 1.3628820180892944, -2.0, -0.11929863691329956, 2.1011462211608887, 2.299999952316284, -1.6510822772979736, -0.21688026189804077, 0.31292104721069336, -1.162770390510559, -1.1294069290161133]]
[[-0.0009976886212825775, -0.48559242486953735, 1.115403652191162, -2.0, -0.3171442747116089, 1.4993746280670166, 2.299999952316284, -1.7000000476837158, -0.3664308190345764, 0.15701556205749512, -0.7910180687904358, -1.2946839332580566]]
[[-0.7044581174850464, -0.9487150311470032, 0.763917863368988, -2.0, -0.09060657024383545, 1.4913268089294434, 2.299999952316284, -1.6842210292816162, -0.5103093385696411, -0.1208721399307251, -0.4705321192741394, -1.4906538724899292]]
[[-0.4232596457004547, -0.15044771134853363, 1.1290446519851685, -2.0, 0.1874445080757141, 1.3644652366638184, 2.299999952316284, -1.4873261451721191, -0.3013174831867218, -0.2594813108444214, -0.7625300288200378, -1.0922291278839111]]
[[-0.003596212714910507, -0.43915855884552, 0.766079306602478, -2.0, 0.1319352686405182, 1.3454365730285645, 2.299999952316284, -1.6380615234375, -0.29304084181785583, -0.49174612760543823, -0.658057451248169, -1.1373794078826904]]
[[-0.09716007113456726, -0.4852747917175293, 0.6798236966133118, -1.9132806062698364, 0.15317034721374512, 1.4886863231658936, 2.299999952316284, -1.5904366970062256, -0.529199481010437, -0.54155433177948, -0.3834693431854248, -1.072494387626648]]
[[-0.04518195614218712, -0.21569903194904327, 0.545644223690033, -1.631986141204834, 0.22064021229743958, 1.602212905883789, 2.299999952316284, -1.3865838050842285, -0.7011340260505676, -0.7374006509780884, -0.5352421402931213, -0.9050850868225098]]
[[0.40597793459892273, -0.5666700005531311, 0.42947107553482056, -1.2141305208206177, 0.3458212912082672, 1.5921063423156738, 2.299999952316284, -1.606323480606079, -0.6435580253601074, -0.9577351808547974, -0.3677005171775818, -1.011122703552246]]
[[0.6622145771980286, -0.7550191283226013, 0.3235743045806885, -0.5894752144813538, 0.6527169942855835, 1.4398107528686523, 2.299999952316284, -1.6474940776824951, -0.46912309527397156, -1.099910020828247, -0.4644213914871216, -0.9252203702926636]]
[[1.3675121068954468, -1.537314534187317, -0.06845599412918091, 0.370051771402359, 0.8180463910102844, 1.4067506790161133, 2.110410451889038, -1.5271432399749756, -0.22760170698165894, -1.672998309135437, -0.6466149091720581, -1.1592167615890503]]
[[2.0, -2.0, -0.8770201206207275, 2.0, 1.0558068752288818, 1.2145426273345947, 1.3240923881530762, -1.3225924968719482, 0.19048422574996948, -2.016263723373413, -0.7968384027481079, -1.300851821899414]]
[[2.0, -2.0, -2.0, 2.0, 1.6439359188079834, 0.9448509812355042, 0.42600613832473755, -1.2147529125213623, 0.48224711418151855, -2.418553113937378, -0.951665461063385, -1.2160766124725342]]
[[2.0, -2.0, -2.0, 2.0, 2.299999952316284, 1.0156340599060059, 0.3817417621612549, -0.4105505347251892, 0.7762085199356079, -2.258427143096924, -0.7360338568687439, -0.880102813243866]]
[[2.0, -2.0, -0.6552354693412781, 2.0, 1.996016502380371, -0.611226499080658, -1.7000000476837158, 2.0522913932800293, 1.25, -1.2659209966659546, -1.1908342838287354, 0.3681824207305908]]
[[2.0, -2.0, -2.0, 2.0, 2.299999952316284, -0.46812301874160767, -1.7000000476837158, 2.299999952316284, 1.25, -1.152975082397461, -0.6592093110084534, 0.17743641138076782]]
[[2.0, -1.9417831897735596, -2.0, 2.0, 2.299999952316284, -0.866776168346405, -1.2283473014831543, 2.299999952316284, 1.2127594947814941, -0.7304936647415161, -1.132143497467041, 0.02571183443069458]]
[[2.0, -0.5592979788780212, -2.0, 2.0, 2.299999952316284, -0.7137063145637512, -1.0678911209106445, 2.299999952316284, 1.25, -0.6295219659805298, -1.2938685417175293, -0.29304033517837524]]
[[0.9983585476875305, 0.031056847423315048, -1.7053465843200684, 2.0, 2.299999952316284, -0.8734448552131653, -0.8168584704399109, 2.299999952316284, 1.1141903400421143, -0.4121735095977783, -1.4813411235809326, -0.8115864396095276]]
[[-0.11652794480323792, 0.1755649894475937, -1.1851747035980225, 1.3950231075286865, 2.299999952316284, -0.9459047913551331, -0.7323293089866638, 2.299999952316284, 0.7107785940170288, -0.3860931992530823, -1.4949140548706055, -0.913862943649292]]
[[-0.5486207008361816, 0.41892045736312866, 0.03862593695521355, 0.09841767698526382, 2.299999952316284, -0.9334481358528137, -1.2907195091247559, 2.299999952316284, 1.1351213455200195, -0.5195316672325134, -1.465874433517456, -1.1459046602249146]]
[[-0.6147974133491516, 1.332092523574829, 0.5612252354621887, -0.3262178599834442, 2.299999952316284, -1.2826132774353027, -1.7000000476837158, 2.299999952316284, 1.026044487953186, -0.5095940828323364, -1.8473025560379028, -1.1319799423217773]]
[[-1.4069470167160034, 1.4160594940185547, 0.5964407920837402, 0.4481794536113739, 1.8889124393463135, -1.0445482730865479, -1.7000000476837158, 2.299999952316284, 0.08213484287261963, -0.15249109268188477, -1.0088391304016113, -1.5496561527252197]]
[[-0.6117961406707764, 0.7091432809829712, -0.5512345433235168, 0.9765191078186035, 1.9576091766357422, -0.8324690461158752, -1.7000000476837158, 2.299999952316284, 0.13294392824172974, 0.23797976970672607, -0.4480323791503906, -1.3346476554870605]]
[[0.34076473116874695, 0.37845322489738464, -1.5439106225967407, 0.7091524600982666, 2.2694051265716553, -0.5185193419456482, -1.2320060729980469, 2.299999952316284, 0.1906043291091919, 0.20306360721588135, -0.9307540059089661, -1.1325628757476807]]
[[-0.39353129267692566, 0.8474177122116089, -0.7819089889526367, 0.6049376130104065, 2.005929470062256, -0.7240511775016785, -0.42418038845062256, 2.299999952316284, -0.35915642976760864, -0.21383196115493774, -1.6883807182312012, -1.193510890007019]]
[[-1.6925666332244873, 1.7157806158065796, 0.48139873147010803, 0.2753354609012604, 1.2198816537857056, -1.2470357418060303, -1.7000000476837158, 1.8430073261260986, -0.1845363974571228, -0.06176269054412842, -0.8585249781608582, -1.689817190170288]]
[[-1.200463056564331, 1.2902077436447144, -0.16497910022735596, 0.06260732561349869, 1.1351244449615479, -0.6832045912742615, -1.7000000476837158, 1.682469367980957, -0.2303970456123352, 0.23383116722106934, -0.5921285152435303, -1.9601619243621826]]
[[-1.998914361000061, 2.0, 0.770920991897583, -0.8845255374908447, 0.7237380743026733, -0.09186199307441711, -0.908930242061615, 0.9874438643455505, -0.8038771152496338, 0.17295753955841064, -0.508452296257019, -2.064462184906006]]
[[-1.546317458152771, 2.0, 0.9047097563743591, -0.16765359044075012, 0.4618110656738281, 0.4045162796974182, -1.7000000476837158, -0.3444212079048157, -0.6827749609947205, -0.26856935024261475, -0.6459363698959351, -1.3120672702789307]]
[[-2.0, 2.0, 1.1853615045547485, -1.066474199295044, 0.11821699142456055, 0.7700670957565308, 0.34502625465393066, -1.7000000476837158, -1.21671724319458, 0.17777425050735474, 0.17442530393600464, -1.0813307762145996]]
[[-1.8390038013458252, 1.3807281255722046, 1.5875216722488403, -1.658349633216858, -0.3844371438026428, 2.299999952316284, 2.299999952316284, -1.7000000476837158, -0.9907468557357788, 0.322113037109375, 0.23214071989059448, -1.144505500793457]]
[[-1.1839286088943481, 1.1143372058868408, 2.0, -2.0, -0.30878740549087524, 2.299999952316284, 2.299999952316284, -1.7000000476837158, -0.5987765789031982, 0.5196518898010254, -0.5829603672027588, -1.116323471069336]]
[[-0.6853086352348328, 0.4028632342815399, 2.0, -2.0, -0.08566153049468994, 2.299999952316284, 2.299999952316284, -1.7000000476837158, -0.3509354591369629, 0.6140526533126831, -1.0298583507537842, -1.2701151371002197]]
[[-0.3518866002559662, -0.6478071212768555, 1.7424843311309814, -2.0, -0.07220286130905151, 2.299999952316284, 2.299999952316284, -1.5541729927062988, -0.16811180114746094, 0.3610866069793701, -1.1179879903793335, -1.252137541770935]]
[[-0.09343579411506653, -1.3538258075714111, 1.3848634958267212, -2.0, -0.1481432318687439, 2.276840925216675, 2.299999952316284, -1.4429600238800049, -0.044144630432128906, -0.02106344699859619, -1.314361333847046, -1.2619457244873047]]
[[0.41030848026275635, -0.8863378167152405, 1.6821517944335938, -2.0, -0.21647870540618896, 1.4253637790679932, 2.299999952316284, -1.7000000476837158, -0.11536508798599243, -0.10933196544647217, -1.0471930503845215, -1.3381363153457642]]
[[-0.5095114707946777, -0.38195961713790894, 1.186285376548767, -2.0, 0.3795868754386902, 1.5061473846435547, 2.299999952316284, -1.7000000476837158, -0.40082061290740967, 0.1382414698600769, -0.4993804395198822, -1.3048988580703735]]
[[0.1410621702671051, -0.32912546396255493, 1.059102177619934, -2.0, 0.1293114423751831, 1.5512981414794922, 2.299999952316284, -1.6380488872528076, -0.3929469585418701, -0.20581358671188354, -0.8503442406654358, -0.9391549825668335]]
[[0.22729185223579407, -0.6471919417381287, 0.6151763200759888, -2.0, 0.1290096640586853, 1.7299220561981201, 2.299999952316284, -1.629786491394043, -0.6128236055374146, -0.4768088757991791, -0.3494125306606293, -1.0423266887664795]]
[[0.2547610402107239, -0.33775585889816284, 0.7689129710197449, -2.0, 0.4355657696723938, 1.5901005268096924, 2.299999952316284, -1.7000000476837158, -0.601747989654541, -0.6182196736335754, -0.27302980422973633, -0.9567732214927673]]
[[0.22023451328277588, -0.07708343863487244, 0.6429026126861572, -2.0, 0.5383766889572144, 1.4438796043395996, 2.299999952316284, -1.5726332664489746, -0.4374282956123352, -0.6319217681884766, -0.5590013265609741, -0.7257625460624695]]
[[0.4819284975528717, -0.6625778079032898, 0.32055753469467163, -2.0, 0.4023367762565613, 1.3737537860870361, 2.299999952316284, -1.4286408424377441, -0.36647337675094604, -0.894362211227417, -0.6698735356330872, -0.8070682883262634]]
[[1.2274982929229736, -1.4494131803512573, -0.03770296648144722, -1.2431890964508057, 0.3532697558403015, 1.1814298629760742, 2.1887145042419434, -1.4297809600830078, -0.23772603273391724, -1.402185082435608, -0.5227154493331909, -1.058896780014038]]
[[2.0, -1.8084996938705444, -0.4784623980522156, 0.7359979152679443, 0.6937768459320068, 0.7696099281311035, 1.1809537410736084, -1.4493398666381836, 0.09973382949829102, -1.8619643449783325, -0.5469323992729187, -1.0341169834136963]]
[[2.0, -2.0, -1.8215614557266235, 2.0, 1.4095351696014404, 0.5312074422836304, 0.1952659785747528, -1.3650569915771484, 0.4237401485443115, -2.4446816444396973, -0.6433016061782837, -1.0473973751068115]]
[[2.0, -2.0, -2.0, 2.0, 2.2606048583984375, 0.7610576152801514, 0.26485830545425415, -0.49292629957199097, 0.5760385990142822, -2.4038455486297607, -0.3557348847389221, -0.8564662337303162]]
[[2.0, -2.0, -2.0, 2.0, 2.299999952316284, 0.7278671860694885, -1.060692548751831, 1.3229155540466309, 1.25, -1.644728422164917, -0.008059382438659668, 0.3508181571960449]]
[[2.0, -2.0, -2.0, 2.0, 2.299999952316284, -0.15484151244163513, -1.48763108253479, 2.299999952316284, 1.25, -0.6427886486053467, -0.3003990352153778, 0.2582378387451172]]
[[2.0, -0.9681786894798279, -2.0, 2.0, 2.299999952316284, -0.3476758599281311, -1.1775498390197754, 2.299999952316284, 1.25, -0.5506424903869629, -0.7008036375045776, -0.31220364570617676]]
[[1.987776756286621, -0.01691313460469246, -2.0, 2.0, 2.299999952316284, -0.6563324332237244, -0.9943291544914246, 2.299999952316284, 1.0805116891860962, -0.2567957639694214, -0.9682299494743347, -0.966263473033905]]
[[0.7565765380859375, 0.23518531024456024, -1.9592130184173584, 2.0, 2.299999952316284, -0.6534269452095032, -0.9592110514640808, 2.299999952316284, 0.5851688385009766, -0.009085357189178467, -1.0111758708953857, -1.3932085037231445]]
[[0.07511749863624573, 0.6123055815696716, -1.432087779045105, 1.034388780593872, 2.299999952316284, -0.6562382578849792, -1.3536441326141357, 2.299999952316284, 0.1967223882675171, -0.19509845972061157, -1.06498384475708, -1.4151427745819092]]
[[-0.2676277458667755, 0.7814798355102539, -1.0692057609558105, 0.21420976519584656, 2.299999952316284, -0.4425082802772522, -1.5754587650299072, 2.299999952316284, -0.23361754417419434, -0.2845252752304077, -1.0916666984558105, -1.4855501651763916]]
[[-0.0885915458202362, 0.6538074612617493, -1.1357613801956177, 0.1368248164653778, 2.299999952316284, -0.2954334616661072, -1.3845832347869873, 2.299999952316284, -0.5537111759185791, -0.0984882116317749, -0.7791741490364075, -1.668670415878296]]
[[0.2581568658351898, 0.7735328078269958, -1.1454180479049683, 0.18277952075004578, 1.8589231967926025, 0.0576915442943573, -1.407573938369751, 2.299999952316284, -1.0542694330215454, -0.12114083766937256, -0.21438390016555786, -1.6435537338256836]]
[[-0.14130935072898865, 0.5594944953918457, -0.9278602004051208, 0.3469330370426178, 1.5975193977355957, -0.10039874911308289, -1.4679973125457764, 2.299999952316284, -0.7852124571800232, -0.26990756392478943, -0.5051928758621216, -1.6773724555969238]]
[[-0.04000287875533104, 0.3418632745742798, -0.9958866238594055, 0.44783124327659607, 1.0945457220077515, 0.12281665205955505, -1.5269615650177002, 2.299999952316284, -1.0297118425369263, -0.614279568195343, -0.5883404016494751, -1.614389419555664]]
[[-0.23120489716529846, 0.07503868639469147, -1.3292210102081299, 0.43953457474708557, 0.9389908909797668, 0.3995659351348877, -0.866216242313385, 2.299999952316284, -1.2257275581359863, -0.5911858677864075, -0.5040867328643799, -1.7082462310791016]]
[[-0.5592995285987854, 0.06355126202106476, -1.0543211698532104, 0.46099671721458435, 0.5213813185691833, 0.47292476892471313, -0.434581458568573, 2.299999952316284, -1.11932373046875, -0.723381519317627, -0.6027871370315552, -1.5375597476959229]]
[[-1.1112899780273438, 0.7223235964775085, 0.474467396736145, -0.40437936782836914, -0.09469032287597656, -0.021233290433883667, -0.1880570650100708, 2.299999952316284, -0.856361448764801, -0.9881976842880249, -1.3944664001464844, -1.574371576309204]]
[[0.5357701182365417, -0.5756307244300842, 0.7453808188438416, -1.2972975969314575, 0.8720862865447998, 1.1348950862884521, 0.33752816915512085, 2.299999952316284, 0.36134958267211914, 0.10212290287017822, -1.3771686553955078, -1.13429594039917]]
[[-1.6787502765655518, 2.0, 1.0387998819351196, -0.6096675992012024, -0.8952370285987854, -1.43345046043396, -0.14965075254440308, -0.019337475299835205, -1.233647108078003, 0.07208216190338135, -1.176209807395935, -1.4096498489379883]]
[[-2.0, 2.0, 1.0355792045593262, -0.5248589515686035, -0.39115196466445923, -0.4058613181114197, 0.1002112627029419, -0.7282553315162659, -1.8373358249664307, 0.021436989307403564, -0.8658125400543213, -2.034409999847412]]
[[-2.0, 2.0, 0.8448747992515564, -0.5866492390632629, -0.48464375734329224, 0.48923736810684204, 1.371671199798584, -1.7000000476837158, -1.7230035066604614, 0.3361191749572754, 0.23617154359817505, -0.9818331003189087]]
[[-1.9624968767166138, 2.0, 1.3617192506790161, -0.5136750340461731, -0.49340003728866577, 1.3274292945861816, 2.299999952316284, -1.7000000476837158, -1.103224754333496, 0.7355436086654663, 0.1430579423904419, -1.1303248405456543]]
[[-1.7396183013916016, 1.2975490093231201, 1.8238040208816528, -1.413360595703125, -0.7132038474082947, 1.7788770198822021, 2.299999952316284, -1.7000000476837158, -0.724941611289978, 0.34676671028137207, -0.6768044233322144, -1.6374781131744385]]
[[-1.2404614686965942, 0.484296053647995, 1.6127820014953613, -2.0, -0.6248583197593689, 1.9909918308258057, 2.299999952316284, -1.5231411457061768, -0.5092564821243286, 0.27578604221343994, -1.0236858129501343, -1.648141622543335]]
[[-0.714567244052887, 0.16783158481121063, 1.6415194272994995, -2.0, -0.5115057826042175, 1.811492919921875, 2.299999952316284, -1.6758055686950684, -0.24518507719039917, 0.5197561979293823, -1.2729982137680054, -1.451682209968567]]
[[-0.08484819531440735, -0.16309423744678497, 1.7457404136657715, -2.0, -0.3994344472885132, 1.5840489864349365, 2.299999952316284, -1.7000000476837158, -0.2619437575340271, 0.42196524143218994, -1.02865469455719, -1.4752111434936523]]
[[-0.4383925497531891, 0.281439870595932, 1.0012776851654053, -2.0, -0.2591431736946106, 1.0067217350006104, 2.299999952316284, -1.7000000476837158, -0.7852615714073181, 0.9132933616638184, -0.3538803458213806, -1.404362440109253]]
[[-0.4694654047489166, -0.5164775252342224, 0.8216807246208191, -2.0, -0.21747303009033203, 1.8192808628082275, 2.299999952316284, -1.7000000476837158, -0.7604582905769348, 0.08658891916275024, -0.37830686569213867, -1.4696111679077148]]
[[-0.4657882750034332, 0.1154039055109024, 1.1361058950424194, -2.0, 0.0304315984249115, 1.6894619464874268, 2.299999952316284, -1.617896318435669, -0.6426756381988525, -0.015558063983917236, -0.2871837019920349, -1.181518793106079]]
[[-0.5437655448913574, 0.05353424325585365, 0.8664966821670532, -2.0, 0.27850857377052307, 1.692124843597412, 2.299999952316284, -1.5114152431488037, -0.5123911499977112, -0.024831950664520264, -0.5831254124641418, -1.0271880626678467]]
[[-0.2559327781200409, -0.748344361782074, 0.619264543056488, -2.0, 0.15242671966552734, 1.7597877979278564, 2.299999952316284, -1.4726643562316895, -0.39524149894714355, -0.4265471398830414, -0.5398368835449219, -1.194441795349121]]
[[-0.46712467074394226, -0.6033872961997986, 0.6547403931617737, -1.8406157493591309, 0.11402606964111328, 1.4946367740631104, 2.299999952316284, -1.3794851303100586, -0.4320467412471771, -0.6435876488685608, -0.5642790198326111, -1.2022883892059326]]
[[-0.0973043143749237, -0.8380052447319031, 0.6609535813331604, -1.5873256921768188, 0.25924625992774963, 1.4078688621520996, 2.299999952316284, -1.5520763397216797, -0.3317599892616272, -0.9547973275184631, -0.46178776025772095, -1.3520145416259766]]
[[0.12991558015346527, -0.6287452578544617, 0.703839123249054, -1.218263864517212, 0.4522996246814728, 1.3503193855285645, 2.299999952316284, -1.6447229385375977, -0.3417014479637146, -0.9206538200378418, -0.4716724455356598, -1.1821315288543701]]
[[0.45523813366889954, -0.91508549451828, 0.45372432470321655, -0.638207733631134, 0.6100695729255676, 1.629242181777954, 2.299999952316284, -1.581660270690918, -0.44631272554397583, -1.2546063661575317, -0.4242474436759949, -1.207289218902588]]
[[1.141615390777588, -1.4207773208618164, 0.04773419722914696, 0.5030468702316284, 0.9207340478897095, 1.9067838191986084, 2.299999952316284, -1.494964599609375, -0.4010488986968994, -1.4830316305160522, -0.2846057415008545, -1.232458233833313]]
[[2.0, -2.0, -0.9098830223083496, 2.0, 1.5964093208312988, 1.7792251110076904, 1.9073829650878906, -1.664346694946289, 0.15828943252563477, -1.6748223304748535, -0.2599186301231384, -1.1512956619262695]]
[[2.0, -2.0, -2.0, 2.0, 2.0740139484405518, 1.4380953311920166, 1.1043787002563477, -1.4059431552886963, 0.4841698408126831, -2.1768088340759277, -0.5883626341819763, -1.2838270664215088]]
[[2.0, -2.0, -1.9194824695587158, 2.0, 1.496649980545044, 0.9896214008331299, -0.043112993240356445, -1.0920400619506836, 0.5646265745162964, -2.080336809158325, -0.9620437622070312, -0.8449490070343018]]
[[2.0, -0.19248662889003754, 1.9239612817764282, 1.863218903541565, 0.7877668142318726, -0.5245468020439148, -1.0186786651611328, -0.4142170548439026, 0.4064890146255493, -1.8811556100845337, -1.9579781293869019, -0.2948102355003357]]
[[2.0, -2.0, -1.556414246559143, 2.0, 2.299999952316284, -0.48408252000808716, -1.7000000476837158, 1.5672998428344727, 1.25, -1.128764033317566, -0.5570408701896667, 0.6280333995819092]]
[[2.0, -2.0, -2.0, 2.0, 2.299999952316284, -0.6227573752403259, -1.7000000476837158, 2.299999952316284, 1.25, -0.7751402854919434, -0.8441202640533447, 0.3607943058013916]]
[[2.0, -0.739782452583313, -2.0, 2.0, 2.299999952316284, -0.6851261258125305, -1.190718173980713, 2.299999952316284, 1.25, -0.47059935331344604, -1.0020782947540283, -0.37764835357666016]]
[[1.898979902267456, -0.38296499848365784, -2.0, 2.0, 2.299999952316284, -0.8369088768959045, -0.8278823494911194, 2.299999952316284, 1.25, -0.26028668880462646, -1.1566784381866455, -0.8787875175476074]]
[[0.9045220017433167, -0.1980922818183899, -2.0, 2.0, 2.299999952316284, -0.9942587018013, -0.9382237792015076, 2.299999952316284, 0.8685779571533203, -0.29480433464050293, -1.4069037437438965, -0.9861719012260437]]
[[0.11792168021202087, 0.05695406720042229, -1.4326220750808716, 1.0593469142913818, 2.299999952316284, -0.9030249714851379, -1.0713253021240234, 2.299999952316284, 0.4274955987930298, -0.4489458203315735, -1.5567302703857422, -0.9981779456138611]]
[[-0.564738392829895, 0.2607540190219879, -0.8866941332817078, 0.2944454252719879, 2.299999952316284, -0.8307457566261292, -0.7743268609046936, 2.299999952316284, 0.09232878684997559, -0.4544833302497864, -1.5391268730163574, -0.9638164639472961]]
[[-1.1940206289291382, 0.5078040957450867, -0.09090304374694824, -0.45976659655570984, 2.1267144680023193, -0.6239388585090637, -0.5656219124794006, 2.299999952316284, -0.11612117290496826, -0.522171139717102, -1.66255521774292, -1.0219491720199585]]
[[-0.5354871153831482, 0.6655480265617371, 0.09043547511100769, -0.25127777457237244, 2.2938783168792725, -1.0494868755340576, -1.4013535976409912, 2.299999952316284, 0.6229497194290161, -0.10757625102996826, -1.4674042463302612, -1.4822046756744385]]
[[-0.743911862373352, 1.9361681938171387, 0.9378331303596497, -0.7990588545799255, 1.1840403079986572, -1.6416726112365723, -1.7000000476837158, 2.299999952316284, 0.5508393049240112, -0.20744073390960693, -1.8985624313354492, -1.5638959407806396]]
[[-1.1249219179153442, 1.4693989753723145, 0.020633723586797714, 0.8562872409820557, 1.1307941675186157, -1.1668286323547363, -1.7000000476837158, 2.0999135971069336, -0.12734806537628174, 0.10346269607543945, -0.9452570676803589, -1.7684019804000854]]
[[-0.9863393902778625, 2.0, 0.24951738119125366, -0.8273547887802124, 0.5907987356185913, -1.123424768447876, -1.2136354446411133, 2.189730405807495, -0.5422534942626953, 0.09181112051010132, -0.9424362182617188, -2.07692813873291]]
[[-0.912314236164093, 2.0, -0.27564340829849243, 0.3512175977230072, 0.5947833061218262, -0.5124445557594299, -1.0983200073242188, 1.6905980110168457, -0.8223863840103149, 0.07820671796798706, -0.7740039229393005, -1.29654860496521]]
[[-1.268668532371521, 2.0, 0.711715042591095, 0.0251222625374794, 0.369610458612442, -0.549896776676178, -1.5720016956329346, 0.3067016303539276, -1.001344919204712, 0.09820544719696045, -0.5995063185691833, -1.6107138395309448]]
[[-1.0455143451690674, 2.0, 0.2771981656551361, 0.6167960166931152, 0.531362771987915, 0.32481062412261963, -1.3849618434906006, 0.015280187129974365, -0.8449292778968811, -0.13724994659423828, -0.3412788212299347, -1.5381309986114502]]
[[-2.0, 2.0, 1.6310522556304932, -0.41712385416030884, 0.20594894886016846, 1.0576283931732178, 0.8512325286865234, -1.6497368812561035, -1.2046129703521729, 0.15628808736801147, 0.4705084562301636, -1.1125736236572266]]
[[-2.0, 1.5692685842514038, 2.0, -1.3664470911026, -0.14500099420547485, 2.0960259437561035, 2.299999952316284, -1.7000000476837158, -0.6329103112220764, 0.29131484031677246, -0.3046828508377075, -1.2615258693695068]]
[[-1.6837434768676758, 1.1950595378875732, 2.0, -2.0, -0.1257382035255432, 2.299999952316284, 2.299999952316284, -1.644674301147461, -0.40641042590141296, 0.5073293447494507, -0.885364830493927, -1.2347614765167236]]
[[-0.8082403540611267, 0.2110791653394699, 2.0, -2.0, -0.2529953122138977, 2.299999952316284, 2.299999952316284, -1.606893539428711, -0.36008358001708984, 0.5826168060302734, -0.9394189119338989, -1.3399477005004883]]
[[-0.3721456825733185, -0.4036587178707123, 1.685596227645874, -2.0, -0.16395652294158936, 2.299999952316284, 2.299999952316284, -1.5295825004577637, -0.36953550577163696, 0.4603613615036011, -0.853094756603241, -1.213600993156433]]
[[0.021632704883813858, -0.43813392519950867, 1.6964164972305298, -2.0, -0.08678996562957764, 2.2935516834259033, 2.299999952316284, -1.6427550315856934, -0.2633194327354431, 0.31717920303344727, -1.1915664672851562, -1.012042760848999]]
[[0.5544830560684204, -0.48608818650245667, 1.560222864151001, -2.0, -0.1284368634223938, 1.6874043941497803, 2.299999952316284, -1.7000000476837158, -0.30681362748146057, 0.17696577310562134, -0.9692314863204956, -1.0824129581451416]]
[[-0.6226545572280884, -0.8601182103157043, 0.9339984655380249, -2.0, 0.30707868933677673, 1.6180739402770996, 2.299999952316284, -1.7000000476837158, -0.5831097364425659, 0.1676095724105835, -0.2331363558769226, -1.305713415145874]]
[[-0.2432214617729187, -0.7568052411079407, 0.9092997312545776, -2.0, 0.2734931707382202, 1.6189491748809814, 2.299999952316284, -1.388408899307251, -0.34703442454338074, -0.4010007679462433, -0.7811661958694458, -1.0789687633514404]]
[[0.05109495297074318, -0.4120681881904602, 0.8016131520271301, -2.0, 0.18765756487846375, 1.2860755920410156, 2.299999952316284, -1.4592843055725098, -0.22456282377243042, -0.5101467370986938, -0.8168834447860718, -0.9279547929763794]]
[[0.23438799381256104, -0.5981388092041016, 0.723106324672699, -2.0, 0.25526347756385803, 1.2018001079559326, 2.299999952316284, -1.7000000476837158, -0.2545204162597656, -0.6561608910560608, -0.6332869529724121, -1.0447654724121094]]
[[0.5438302159309387, -0.61677485704422, 0.5630806088447571, -2.0, 0.29662540555000305, 1.3500454425811768, 2.299999952316284, -1.614649772644043, -0.3757168650627136, -0.9606584310531616, -0.555475115776062, -0.9498830437660217]]
[[1.1607131958007812, -0.9452053904533386, 0.07151886820793152, -1.235174536705017, 0.40097421407699585, 1.5120153427124023, 2.299999952316284, -1.492260456085205, -0.5046305060386658, -1.3002123832702637, -0.413362056016922, -0.9231914281845093]]
[[2.0, -1.3974136114120483, -0.2484877109527588, 0.40334394574165344, 0.7782686948776245, 1.2677581310272217, 1.6132545471191406, -1.609102725982666, -0.2532985210418701, -1.5599863529205322, -0.3120587170124054, -0.8112936019897461]]
[[2.0, -2.0, -1.1915956735610962, 2.0, 1.4598567485809326, 1.0586447715759277, 0.5725671052932739, -1.7000000476837158, 0.2477845549583435, -2.0700836181640625, -0.4331442713737488, -0.8219096660614014]]
[[2.0, -2.0, -2.0, 2.0, 2.019840717315674, 0.8181952834129333, 0.2672412395477295, -0.9477716088294983, 0.5046828985214233, -2.434187889099121, -0.3606390357017517, -0.9003994464874268]]
[[2.0, -2.0, -2.0, 2.0, 1.6065969467163086, 1.0211176872253418, -0.23215752840042114, -1.120551586151123, 0.779532790184021, -2.0982837677001953, -0.015270769596099854, -0.33307498693466187]]
[[2.0, -2.0, -2.0, 2.0, 2.299999952316284, -0.0712331235408783, -1.7000000476837158, 2.299999952316284, 1.25, -0.9340570569038391, -0.39529162645339966, 0.5478615760803223]]
[[2.0, -1.7165724039077759, -2.0, 2.0, 2.299999952316284, 0.08491230010986328, -1.235145092010498, 2.299999952316284, 1.25, -0.8269460797309875, -0.671177327632904, -0.1788042187690735]]
[[2.0, -0.2030135542154312, -2.0, 2.0, 2.299999952316284, -0.6380619406700134, -0.9073616862297058, 2.299999952316284, 1.25, -0.34315943717956543, -0.7676525712013245, -0.6261532306671143]]
[[1.2195539474487305, -0.3396088778972626, -2.0, 2.0, 2.299999952316284, -0.5839915871620178, -0.786764919757843, 2.299999952316284, 0.7396196126937866, -0.07166421413421631, -0.9026073217391968, -1.1898813247680664]]
[[0.574378490447998, 0.0903797596693039, -1.9415907859802246, 1.5100688934326172, 2.299999952316284, -0.7611199021339417, -1.038311243057251, 2.299999952316284, 0.26290035247802734, -0.17184114456176758, -0.9974781274795532, -1.2000114917755127]]
[[-0.021857645362615585, 0.38638678193092346, -1.4245959520339966, 0.5268062353134155, 2.299999952316284, -0.5976201891899109, -1.3065259456634521, 2.299999952316284, -0.10967051982879639, -0.259385883808136, -1.0831847190856934, -1.3092950582504272]]
[[-0.26074108481407166, 0.3994745910167694, -1.2797917127609253, 0.08583704382181168, 2.299999952316284, -0.454739511013031, -1.110013723373413, 2.299999952316284, -0.4212108552455902, -0.13333845138549805, -0.9171620011329651, -1.3743112087249756]]
[[-0.17353680729866028, 0.1673804372549057, -1.1768267154693604, 0.016896463930606842, 2.2736709117889404, -0.3093351721763611, -0.8964895606040955, 2.299999952316284, -0.5577294826507568, -0.03421986103057861, -0.7140791416168213, -1.433542251586914]]
[[-0.041781630367040634, -0.007248628884553909, -0.9662905335426331, -0.029377304017543793, 1.742666482925415, -0.19816812872886658, -0.9218555092811584, 2.299999952316284, -0.6409373879432678, -0.2852122187614441, -0.9391250610351562, -1.2610769271850586]]
[[-0.21081537008285522, -0.21530847251415253, -0.6369585990905762, 0.04644954949617386, 1.2649370431900024, -0.07474228739738464, -0.6571177840232849, 2.299999952316284, -0.6232658624649048, -0.561030387878418, -1.2133290767669678, -1.10875403881073]]
[[-0.5494815707206726, 0.29955607652664185, -0.11742852628231049, -0.2540619969367981, 0.4500316083431244, -0.3879825472831726, -0.3693351149559021, 2.299999952316284, -0.6885579228401184, -0.7587354779243469, -1.5191032886505127, -1.0818461179733276]]
[[-0.01965513452887535, 0.10102306306362152, -0.024475399404764175, -0.7560305595397949, 1.2705425024032593, -0.1980944573879242, 0.16392391920089722, 2.299999952316284, 0.06235712766647339, 0.011324286460876465, -1.0382189750671387, -1.4131317138671875]]
[[0.12599189579486847, 1.6122753620147705, -0.3976661264896393, 0.22022253274917603, 0.0904812216758728, -1.66251540184021, -0.8630742430686951, 2.299999952316284, -0.5271726846694946, -0.05402141809463501, -1.2401734590530396, -1.4004240036010742]]
[[-1.6541529893875122, 2.0, 0.9101666808128357, -1.1957684755325317, -0.2785860300064087, -1.7000000476837158, -0.36103612184524536, 1.3379948139190674, -1.0358991622924805, -0.3371717929840088, -1.8030883073806763, -2.108499050140381]]
[[-2.0, 2.0, 0.9661933779716492, -0.19041776657104492, -0.30965036153793335, -0.8004282116889954, -0.4212417006492615, -0.575803816318512, -1.3202757835388184, -0.09816646575927734, -0.8941700458526611, -1.3727836608886719]]
[[-1.4683218002319336, 2.0, 0.8820990920066833, -0.35395482182502747, -0.24662166833877563, -0.1999855935573578, -0.3092150092124939, -0.7120266556739807, -1.3719046115875244, 0.0595473051071167, -0.6748813390731812, -1.4877676963806152]]
[[-2.0, 2.0, 1.2977803945541382, -0.16353890299797058, -0.32914113998413086, 0.701677680015564, 2.0001673698425293, -1.7000000476837158, -1.3632248640060425, 0.4648427963256836, 0.40691936016082764, -1.1973602771759033]]
[[-2.0, 2.0, 2.0, -1.100990653038025, -0.45061516761779785, 1.3838016986846924, 2.299999952316284, -1.7000000476837158, -0.7772833108901978, 0.535214900970459, -0.3521135449409485, -1.2920432090759277]]
[[-1.225185751914978, 1.2360856533050537, 1.8764129877090454, -2.0, -0.5985535979270935, 1.9413959980010986, 2.299999952316284, -1.6028733253479004, -0.6735380291938782, 0.372955322265625, -0.8077964782714844, -1.4581091403961182]]
[[-0.6206558346748352, 0.42028945684432983, 1.3516159057617188, -2.0, -0.5102381110191345, 2.2198753356933594, 2.299999952316284, -1.5000638961791992, -0.6240254640579224, 0.5625181198120117, -0.7566710114479065, -1.3027307987213135]]
[[-0.40716126561164856, 0.26778075098991394, 1.5932164192199707, -2.0, -0.33084505796432495, 2.047339916229248, 2.299999952316284, -1.6475319862365723, -0.41837725043296814, 0.5678005218505859, -0.9893904328346252, -1.171966552734375]]
[[-0.002945210784673691, -0.10362936556339264, 1.5624383687973022, -2.0, -0.2924806475639343, 1.586988925933838, 2.299999952316284, -1.7000000476837158, -0.4790397882461548, 0.3578763008117676, -0.6407285332679749, -1.4193847179412842]]
[[-0.7851273417472839, -0.37657156586647034, 1.0611399412155151, -2.0, -0.019542038440704346, 1.5039162635803223, 2.299999952316284, -1.7000000476837158, -0.6355077028274536, 0.4342461824417114, -0.2883724570274353, -1.4254350662231445]]
[[-0.8583353757858276, -0.4476967453956604, 0.9963952898979187, -2.0, 0.14478379487991333, 1.6159284114837646, 2.299999952316284, -1.291349172592163, -0.42952752113342285, -0.03491389751434326, -0.6683259606361389, -1.229247808456421]]
[[-0.36977866291999817, -0.5977218747138977, 0.9728372097015381, -2.0, 0.12675553560256958, 1.5174837112426758, 2.299999952316284, -1.459522008895874, -0.2655738294124603, -0.3350870907306671, -0.5646733641624451, -1.2803943157196045]]
[[-0.39856842160224915, 0.05283079668879509, 0.9633488059043884, -2.0, 0.2230367660522461, 1.3111116886138916, 2.299999952316284, -1.5197234153747559, -0.3662353754043579, -0.1690179705619812, -0.6187991499900818, -1.0167995691299438]]
[[-0.10845088958740234, -0.31943026185035706, 0.6758468151092529, -1.9433891773223877, 0.13372689485549927, 1.5312492847442627, 2.299999952316284, -1.4765586853027344, -0.5163745880126953, -0.5271601676940918, -0.5752649307250977, -1.0367945432662964]]
[[-0.026870455592870712, -0.5288860201835632, 0.6248624920845032, -1.5926761627197266, 0.13859093189239502, 1.6919550895690918, 2.299999952316284, -1.477142095565796, -0.7097533345222473, -0.7746366262435913, -0.2647770047187805, -1.0913891792297363]]
[[0.14414110779762268, -0.41047051548957825, 0.7030895352363586, -1.129705548286438, 0.44435423612594604, 1.6499736309051514, 2.299999952316284, -1.5745296478271484, -0.6601048111915588, -0.9389234185218811, -0.19900929927825928, -1.0981160402297974]]
[[0.458800345659256, -0.781916618347168, 0.5054309964179993, -0.5273793935775757, 0.7968043088912964, 1.626638650894165, 2.299999952316284, -1.6385374069213867, -0.47721508145332336, -1.0934994220733643, -0.2702236771583557, -1.0717304944992065]]
[[1.23323655128479, -1.680981159210205, 0.05081751570105553, 0.5304722189903259, 1.0306637287139893, 1.6872625350952148, 2.299999952316284, -1.4750828742980957, -0.18194139003753662, -1.4930869340896606, -0.35963284969329834, -1.239386796951294]]
[[2.0, -2.0, -1.0860997438430786, 2.0, 1.3556435108184814, 1.6130712032318115, 1.8600194454193115, -1.2192699909210205, 0.32398438453674316, -1.8692944049835205, -0.562533438205719, -1.3959312438964844]]
[[2.0, -2.0, -2.0, 2.0, 1.8912968635559082, 1.3100640773773193, 1.028691291809082, -1.0553059577941895, 0.6396814584732056, -2.237508773803711, -0.7718459963798523, -1.3400161266326904]]
[[2.0, -2.0, -1.5206235647201538, 2.0, 1.2846837043762207, 0.6366103291511536, -0.4892067313194275, -1.3447296619415283, 0.665380597114563, -2.175325393676758, -0.9640893340110779, -0.6104843616485596]]
[[2.0, -1.002557396888733, 1.82645845413208, 2.0, 0.7444490790367126, -1.0106663703918457, -1.7000000476837158, 0.14909222722053528, 0.7930048704147339, -1.7361030578613281, -1.5277512073516846, -0.35268813371658325]]
[[2.0, -2.0, -2.0, 2.0, 2.2896358966827393, -0.2786712050437927, -1.7000000476837158, 1.6238117218017578, 1.25, -1.612669825553894, -0.23404771089553833, 0.3672924041748047]]
[[2.0, -2.0, -2.0, 2.0, 2.299999952316284, -0.5617803931236267, -1.7000000476837158, 2.299999952316284, 1.25, -0.5185095071792603, -0.23256337642669678, 0.21472996473312378]]
[[2.0, -0.24602629244327545, -2.0, 2.0, 2.299999952316284, -0.5576366782188416, -1.2590229511260986, 2.299999952316284, 1.25, -0.6009044051170349, -1.004953145980835, -0.3126433491706848]]
[[1.5081017017364502, 0.3291429579257965, -2.0, 2.0, 2.299999952316284, -0.7335589528083801, -1.1502387523651123, 2.299999952316284, 1.1463271379470825, -0.2104555368423462, -1.2060441970825195, -1.1164958477020264]]
[[0.5534639954566956, 0.5116912722587585, -2.0, 1.8877347707748413, 2.299999952316284, -0.8203979134559631, -1.1567871570587158, 2.299999952316284, 0.6785671710968018, -0.029417753219604492, -1.1612993478775024, -1.4523719549179077]]
[[-0.10142531991004944, 0.9337878823280334, -1.461519479751587, 0.8483359217643738, 2.299999952316284, -0.7690762877464294, -1.5030992031097412, 2.299999952316284, 0.2763403654098511, -0.18771803379058838, -1.203683853149414, -1.5012037754058838]]
[[-0.41856735944747925, 1.1512283086776733, -1.0000988245010376, 0.01419011503458023, 2.299999952316284, -0.5001528859138489, -1.7000000476837158, 2.299999952316284, -0.13836973905563354, -0.27813535928726196, -1.2300697565078735, -1.5878684520721436]]
[[-0.4741138517856598, 1.2977397441864014, -0.6158140301704407, -0.09647240489721298, 2.299999952316284, -0.18711575865745544, -1.7000000476837158, 2.299999952316284, -0.5714030265808105, -0.3588079512119293, -0.5990277528762817, -1.228269100189209]]
[[-0.002708759158849716, 0.3844861090183258, -0.6996889710426331, 0.4437984526157379, 0.9524551033973694, -0.0046832263469696045, -1.671079397201538, 2.299999952316284, -0.9927721619606018, -0.5021507740020752, -0.2650110721588135, -1.2834103107452393]]
